01331283-a390-4463-943d-6632f778a526 mstlaure@beluga4.int.ets1.calculquebec.ca:/lustre04/scratch/mstlaure/tests/test_2/cneuromod-things timestamp=1736473535.331210384s
18bdd5b9-232e-4539-9751-e53936242ca9 labopb@labopbX280:~/Documents/Marie/neuromod/test_data/thingset/cneuromod-things timestamp=1740520776.620065s
3986c71f-c6b2-4d3a-9fcf-71f5dfcffa4c labopb@labopbX280:~/Documents/Marie/neuromod/test_data/thingset/cneuromod-things timestamp=1736782499.019536s
458f72fd-bacc-4c9b-b1e8-493a0810f036 labopb@labopbX280:~/Documents/Marie/neuromod/test_data/thingset/cneuromod-things timestamp=1737998437.72562s
46587499-2fc4-40f1-a6e5-1c555fbf73fd mstlaure@beluga2.int.ets1.calculquebec.ca:/lustre04/scratch/mstlaure/tests/cneuromod-things timestamp=1736645114.647535305s
4fb4fcce-5655-4e1c-804a-456952e2ab22 mstlaure@beluga3.int.ets1.calculquebec.ca:/lustre03/project/6003287/mstlaure/cneuromod-things timestamp=1706545818.254157265s
74a68989-5aa2-491c-acc7-3c2b0a887405 mstlaure@beluga2.int.ets1.calculquebec.ca:/lustre04/scratch/mstlaure/tests/cneuromod-things timestamp=1736199098.274039699s
775801c4-7ac0-4dea-875b-2fc6b7b5d6b2 labopb@labopbX280:~/Documents/Marie/neuromod/test_data/thingset/cneuromod-things timestamp=1737126600.619824s
7b69988a-9bc3-4622-92ff-80c3e7e7722f mstlaure@beluga3.int.ets1.calculquebec.ca:/lustre04/scratch/mstlaure/tests/cneuromod-things timestamp=1736450509.410815861s
7d0230ad-8cd5-4ab7-9be4-2a80b6338c28 mstlaure@beluga4.int.ets1.calculquebec.ca:/lustre04/scratch/mstlaure/tests/test_2/cneuromod-things timestamp=1736475787.515427295s
8091ea53-f612-4e47-81cf-9691b03ea253 labopb@labopbX280:~/Documents/Marie/neuromod/test_data/thingset/cneuromod-things timestamp=1736885748.048371959s
81dffa37-2218-412a-a62f-309ced18e244 mstlaure@beluga4.int.ets1.calculquebec.ca:/lustre04/scratch/mstlaure/tests/cneuromod-things timestamp=1736796265.616037751s
8703dbac-151d-4379-8103-4a0ed64f238d mstlaure@beluga3.int.ets1.calculquebec.ca:/lustre04/scratch/mstlaure/tests/cneuromod-things timestamp=1738879963.087521199s
898404f8-a348-429a-9ee6-28d5d5c523b8 labopb@labopbX280:~/Documents/Marie/neuromod/test_data/thingset/cneuromod-things timestamp=1736802763.466022s
95a4b75f-bb29-484d-bac3-c60c5b7e62e0 mstlaure@beluga2.int.ets1.calculquebec.ca:/lustre04/scratch/mstlaure/tests/cneuromod-things timestamp=1736268103.121130417s
cc668534-d5bf-4cab-bc1e-4a5a98add7bc mstlaure@beluga2.int.ets1.calculquebec.ca:/lustre04/scratch/mstlaure/cneuromod-things timestamp=1734548144.263674891s
df391faf-b740-426a-9917-09118275c6e7 basile@blob-XPS-9320:~/data/tests/cneuromod-things timestamp=1732121236.168686184s
e2879e14-e7af-4130-90bd-3fe3eaec4140 labopb@labopbX280:~/Documents/Marie/neuromod/test_data/thingset/cneuromod-things timestamp=1739215343.022754s
e8cc82e6-11f5-4f92-9a53-d07c7042ee24 mstlaure@beluga2.int.ets1.calculquebec.ca:/lustre04/scratch/mstlaure/tests/cneuromod-things timestamp=1736191714.019837346s
e9052927-395e-40b9-89ca-70e25c967ead mstlaure@beluga1.int.ets1.calculquebec.ca:/lustre03/project/6003287/mstlaure/cneuromod-things timestamp=1712780326.766816177s
f0197b94-9e43-4c88-83e5-01dec92f1b8e mstlaure@beluga3.int.ets1.calculquebec.ca:/lustre04/scratch/mstlaure/tests/cneuromod-things timestamp=1736442988.116877396s
fa895de7-3807-425b-a700-01aa32771b68 labopb@labopbX280:~/Documents/Marie/neuromod/test_data/thingset/cneuromod-things timestamp=1740503832.963534s
